<?xml version="1.0" encoding="UTF-8"?>
<!-- Generated by org.testng.reporters.JUnitXMLReporter -->
<testsuite hostname="DESKTOP-0D7S9H3" ignored="0" name="Default test" tests="6" failures="0" timestamp="2020-07-24T22:33:11 IST" time="0.089" errors="0">
  <testcase name="test1" time="0.01" classname="GroupsDemo.ExecutingMultipleGroupsAtATime"/>
  <testcase name="test2" time="0.002" classname="GroupsDemo.ExecutingMultipleGroupsAtATime"/>
  <testcase name="test3" time="0.002" classname="GroupsDemo.ExecutingMultipleGroupsAtATime"/>
  <testcase name="testA" time="0.001" classname="GroupsDemo.ExecutingMultipleGroupsAtATime"/>
  <testcase name="testB" time="0.002" classname="GroupsDemo.ExecutingMultipleGroupsAtATime"/>
  <testcase name="testC" time="0.005" classname="GroupsDemo.ExecutingMultipleGroupsAtATime"/>
</testsuite> <!-- Default test -->
