<?xml version="1.0" encoding="UTF-8"?>
<!-- Generated by org.testng.reporters.JUnitXMLReporter -->
<testsuite hostname="DESKTOP-0D7S9H3" ignored="0" name="Default test" tests="3" failures="0" timestamp="2020-08-03T21:07:54 IST" time="0.076" errors="0">
  <testcase name="createUser" time="0.006" classname="PriorityDemo.PriorityWithDependsOnMethods"/>
  <testcase name="modifyUser" time="0.003" classname="PriorityDemo.PriorityWithDependsOnMethods"/>
  <testcase name="deleteUser" time="0.004" classname="PriorityDemo.PriorityWithDependsOnMethods"/>
</testsuite> <!-- Default test -->
