<?xml version="1.0" encoding="UTF-8"?>
<!-- Generated by org.testng.reporters.JUnitXMLReporter -->
<testsuite hostname="Mahesh-PC" ignored="2" name="Suite Test3" tests="1" failures="0" timestamp="14 Jul 2018 11:56:01 GMT" time="0.006" errors="0">
  <testcase name="thirdTest" time="0.002" classname="com.Effent.TestNGAnnotationDemo.ParameterizedTestNG"/>
  <testcase name="secondTest" time="0.0" classname="com.Effent.TestNGAnnotationDemo.ParameterizedTestNG">
    <ignored/>
  </testcase> <!-- secondTest -->
  <testcase name="firstTest" time="0.0" classname="com.Effent.TestNGAnnotationDemo.ParameterizedTestNG">
    <ignored/>
  </testcase> <!-- firstTest -->
</testsuite> <!-- Suite Test3 -->
