<?xml version="1.0" encoding="UTF-8"?>
<!-- Generated by org.testng.reporters.JUnitXMLReporter -->
<testsuite hostname="DESKTOP-0D7S9H3" ignored="2" name="TestTwo" tests="2" failures="0" timestamp="2020-07-17T18:07:40 IST" time="0.015" errors="0">
  <testcase name="SecondGroupMethodOne" time="0.003" classname="TestNgDemo.TestNGAnnotationsDemo"/>
  <testcase name="SecondGroupMethodTwo" time="0.001" classname="TestNgDemo.TestNGAnnotationsDemo"/>
  <testcase name="FirstGroupMethodOne" time="0.0" classname="TestNgDemo.TestNGAnnotationsDemo">
    <ignored/>
  </testcase> <!-- FirstGroupMethodOne -->
  <testcase name="FirstGroupMethodTwo" time="0.0" classname="TestNgDemo.TestNGAnnotationsDemo">
    <ignored/>
  </testcase> <!-- FirstGroupMethodTwo -->
</testsuite> <!-- TestTwo -->
