<?xml version="1.0" encoding="UTF-8"?>
<!-- Generated by org.testng.reporters.JUnitXMLReporter -->
<testsuite hostname="DESKTOP-0D7S9H3" ignored="2" name="TestOne" tests="2" failures="0" timestamp="2020-07-17T18:07:40 IST" time="0.067" errors="0">
  <testcase name="FirstGroupMethodOne" time="0.009" classname="TestNgDemo.TestNGAnnotationsDemo"/>
  <testcase name="FirstGroupMethodTwo" time="0.007" classname="TestNgDemo.TestNGAnnotationsDemo"/>
  <testcase name="SecondGroupMethodOne" time="0.0" classname="TestNgDemo.TestNGAnnotationsDemo">
    <ignored/>
  </testcase> <!-- SecondGroupMethodOne -->
  <testcase name="SecondGroupMethodTwo" time="0.0" classname="TestNgDemo.TestNGAnnotationsDemo">
    <ignored/>
  </testcase> <!-- SecondGroupMethodTwo -->
</testsuite> <!-- TestOne -->
