<?xml version="1.0" encoding="UTF-8"?>
<testng-results skipped="0" failed="0" ignored="0" total="2" passed="2">
  <reporter-output>
  </reporter-output>
  <suite name="Suite" duration-ms="70" started-at="2020-07-17T18:12:07 IST" finished-at="2020-07-17T18:12:07 IST">
    <groups>
    </groups>
    <test name="Test" duration-ms="70" started-at="2020-07-17T18:12:07 IST" finished-at="2020-07-17T18:12:07 IST">
      <class name="DataProviderInDifferentClass.DataProviderInOtherClass">
        <test-method status="PASS" signature="TestMethod(java.lang.String)[pri:0, instance:DataProviderInDifferentClass.DataProviderInOtherClass@7d907bac]" name="TestMethod" duration-ms="8" started-at="2020-07-17T18:12:07 IST" data-provider="data-provider" finished-at="2020-07-17T18:12:07 IST">
          <params>
            <param index="0">
              <value>
                <![CDATA[First Set of Data]]>
              </value>
            </param>
          </params>
          <reporter-output>
          </reporter-output>
        </test-method> <!-- TestMethod -->
        <test-method status="PASS" signature="TestMethod(java.lang.String)[pri:0, instance:DataProviderInDifferentClass.DataProviderInOtherClass@7d907bac]" name="TestMethod" duration-ms="2" started-at="2020-07-17T18:12:07 IST" data-provider="data-provider" finished-at="2020-07-17T18:12:07 IST">
          <params>
            <param index="0">
              <value>
                <![CDATA[Second Set of Data]]>
              </value>
            </param>
          </params>
          <reporter-output>
          </reporter-output>
        </test-method> <!-- TestMethod -->
      </class> <!-- DataProviderInDifferentClass.DataProviderInOtherClass -->
    </test> <!-- Test -->
  </suite> <!-- Suite -->
</testng-results>
