<?xml version="1.0" encoding="UTF-8"?>
<testng-results skipped="0" failed="0" ignored="0" total="2" passed="2">
  <reporter-output>
  </reporter-output>
  <suite name="Suite" duration-ms="102" started-at="2020-07-24T22:34:37 IST" finished-at="2020-07-24T22:34:37 IST">
    <groups>
    </groups>
    <test name="Test" duration-ms="102" started-at="2020-07-24T22:34:37 IST" finished-at="2020-07-24T22:34:37 IST">
      <class name="ParallelTesting.ParallelClassOne">
        <test-method status="PASS" signature="Test1()[pri:0, instance:ParallelTesting.ParallelClassOne@7d907bac]" name="Test1" duration-ms="12" started-at="2020-07-24T22:34:37 IST" finished-at="2020-07-24T22:34:37 IST">
          <reporter-output>
          </reporter-output>
        </test-method> <!-- Test1 -->
      </class> <!-- ParallelTesting.ParallelClassOne -->
      <class name="ParallelTesting.ParallelClassTwo">
        <test-method status="PASS" signature="Test1()[pri:0, instance:ParallelTesting.ParallelClassTwo@7791a895]" name="Test1" duration-ms="12" started-at="2020-07-24T22:34:37 IST" finished-at="2020-07-24T22:34:37 IST">
          <reporter-output>
          </reporter-output>
        </test-method> <!-- Test1 -->
      </class> <!-- ParallelTesting.ParallelClassTwo -->
    </test> <!-- Test -->
  </suite> <!-- Suite -->
</testng-results>
